2023-08-06 01:14:37.063770 - Initialized conversion of CBT125
2023-08-06 01:14:37.627090 - Received CBT.V505.FILE125.PDS from FILE125.XMI 
2023-08-06 01:14:37.629244 - Found $$$#DATE.txt (text/plain) in CBT.V505.FILE125.PDS, moved to PDS/$$$#DATE
2023-08-06 01:14:37.630482 - Found $$README.txt (text/plain) in CBT.V505.FILE125.PDS, moved to PDS/$$README
2023-08-06 01:14:37.631457 - Found $FILE1.txt (text/plain) in CBT.V505.FILE125.PDS, moved to PDS/$FILE1
2023-08-06 01:14:37.632369 - Found $MEMINFO.txt (text/plain) in CBT.V505.FILE125.PDS, moved to PDS/$MEMINFO
2023-08-06 01:14:37.633202 - Found $SASDOC.txt (text/plain) in CBT.V505.FILE125.PDS, moved to PDS/$SASDOC
2023-08-06 01:14:37.634049 - Found @FILE125.txt (text/plain) in CBT.V505.FILE125.PDS, moved to PDS/@FILE125
2023-08-06 01:14:37.634898 - Found ALLOCPDS.jcl (text/plain) in CBT.V505.FILE125.PDS, moved to PDS/ALLOCPDS
2023-08-06 01:14:37.635748 - Found ALLOCSAS.jcl (text/plain) in CBT.V505.FILE125.PDS, moved to PDS/ALLOCSAS
2023-08-06 01:14:37.636563 - Found BADREC.txt (text/plain) in CBT.V505.FILE125.PDS, moved to PDS/BADREC
2023-08-06 01:14:37.637398 - Found BATCH.jcl (text/plain) in CBT.V505.FILE125.PDS, moved to PDS/BATCH
2023-08-06 01:14:37.638440 - Found CONTENTS.jcl (text/plain) in CBT.V505.FILE125.PDS, moved to PDS/CONTENTS
2023-08-06 01:14:37.639306 - Found COPYDT.jcl (text/plain) in CBT.V505.FILE125.PDS, moved to PDS/COPYDT
2023-08-06 01:14:37.640156 - Found CPTOT.txt (text/plain) in CBT.V505.FILE125.PDS, moved to PDS/CPTOT
2023-08-06 01:14:37.640970 - Found CPTOTJ.jcl (text/plain) in CBT.V505.FILE125.PDS, moved to PDS/CPTOTJ
2023-08-06 01:14:37.641822 - Found CPTOTW.txt (text/plain) in CBT.V505.FILE125.PDS, moved to PDS/CPTOTW
2023-08-06 01:14:37.642658 - Found CPTOTWJ.jcl (text/plain) in CBT.V505.FILE125.PDS, moved to PDS/CPTOTWJ
2023-08-06 01:14:37.643471 - Found CPTOT1.txt (text/plain) in CBT.V505.FILE125.PDS, moved to PDS/CPTOT1
2023-08-06 01:14:37.644265 - Found CPUCP.txt (text/plain) in CBT.V505.FILE125.PDS, moved to PDS/CPUCP
2023-08-06 01:14:37.645068 - Found CPUCPW.txt (text/plain) in CBT.V505.FILE125.PDS, moved to PDS/CPUCPW
2023-08-06 01:14:37.646060 - Found CPUCPWX.txt (text/plain) in CBT.V505.FILE125.PDS, moved to PDS/CPUCPWX
2023-08-06 01:14:37.646956 - Found CPUNDL.txt (text/plain) in CBT.V505.FILE125.PDS, moved to PDS/CPUNDL
2023-08-06 01:14:37.647773 - Found CPUNDL3.txt (text/plain) in CBT.V505.FILE125.PDS, moved to PDS/CPUNDL3
2023-08-06 01:14:37.648582 - Found CPUT.txt (text/plain) in CBT.V505.FILE125.PDS, moved to PDS/CPUT
2023-08-06 01:14:37.649391 - Found CPUTJ.jcl (text/plain) in CBT.V505.FILE125.PDS, moved to PDS/CPUTJ
2023-08-06 01:14:37.650278 - Found CPUTW.txt (text/plain) in CBT.V505.FILE125.PDS, moved to PDS/CPUTW
2023-08-06 01:14:37.651092 - Found CPUTWJ.jcl (text/plain) in CBT.V505.FILE125.PDS, moved to PDS/CPUTWJ
2023-08-06 01:14:37.651885 - Found D2BAV.txt (text/plain) in CBT.V505.FILE125.PDS, moved to PDS/D2BAV
2023-08-06 01:14:37.652679 - Found D2BMM.txt (text/plain) in CBT.V505.FILE125.PDS, moved to PDS/D2BMM
2023-08-06 01:14:37.653641 - Found D2CPU.txt (text/plain) in CBT.V505.FILE125.PDS, moved to PDS/D2CPU
2023-08-06 01:14:37.654628 - Found D2M1CPU.txt (text/plain) in CBT.V505.FILE125.PDS, moved to PDS/D2M1CPU
2023-08-06 01:14:37.655468 - Found D2M1TEST.txt (text/plain) in CBT.V505.FILE125.PDS, moved to PDS/D2M1TEST
2023-08-06 01:14:37.656274 - Found D2PPS.txt (text/plain) in CBT.V505.FILE125.PDS, moved to PDS/D2PPS
2023-08-06 01:14:37.657081 - Found D2PPS2.txt (text/plain) in CBT.V505.FILE125.PDS, moved to PDS/D2PPS2
2023-08-06 01:14:37.658034 - Found D2PPS3.txt (text/plain) in CBT.V505.FILE125.PDS, moved to PDS/D2PPS3
2023-08-06 01:14:37.659022 - Found D2RT2.txt (text/plain) in CBT.V505.FILE125.PDS, moved to PDS/D2RT2
2023-08-06 01:14:37.659840 - Found D2RT2P1.txt (text/plain) in CBT.V505.FILE125.PDS, moved to PDS/D2RT2P1
2023-08-06 01:14:37.660630 - Found D2RT3.txt (text/plain) in CBT.V505.FILE125.PDS, moved to PDS/D2RT3
2023-08-06 01:14:37.661427 - Found D2TMM.txt (text/plain) in CBT.V505.FILE125.PDS, moved to PDS/D2TMM
2023-08-06 01:14:37.662264 - Found D2TMMR.txt (text/plain) in CBT.V505.FILE125.PDS, moved to PDS/D2TMMR
2023-08-06 01:14:37.663270 - Found D2TMMX.txt (text/plain) in CBT.V505.FILE125.PDS, moved to PDS/D2TMMX
2023-08-06 01:14:37.664101 - Found EX718901.txt (text/plain) in CBT.V505.FILE125.PDS, moved to PDS/EX718901
2023-08-06 01:14:37.665045 - Found EX718902.txt (text/plain) in CBT.V505.FILE125.PDS, moved to PDS/EX718902
2023-08-06 01:14:37.665916 - Found EX718903.txt (text/plain) in CBT.V505.FILE125.PDS, moved to PDS/EX718903
2023-08-06 01:14:37.666763 - Found EX718904.txt (text/plain) in CBT.V505.FILE125.PDS, moved to PDS/EX718904
2023-08-06 01:14:37.667703 - Found EX718905.txt (text/plain) in CBT.V505.FILE125.PDS, moved to PDS/EX718905
2023-08-06 01:14:37.668503 - Found EX728811.txt (text/plain) in CBT.V505.FILE125.PDS, moved to PDS/EX728811
2023-08-06 01:14:37.669295 - Found EX728812.txt (text/plain) in CBT.V505.FILE125.PDS, moved to PDS/EX728812
2023-08-06 01:14:37.670255 - Found EX728901.txt (text/plain) in CBT.V505.FILE125.PDS, moved to PDS/EX728901
2023-08-06 01:14:37.671164 - Found EX728902.txt (text/plain) in CBT.V505.FILE125.PDS, moved to PDS/EX728902
2023-08-06 01:14:37.671954 - Found EX8811.txt (text/plain) in CBT.V505.FILE125.PDS, moved to PDS/EX8811
2023-08-06 01:14:37.672733 - Found EX8812.txt (text/plain) in CBT.V505.FILE125.PDS, moved to PDS/EX8812
2023-08-06 01:14:37.673774 - Found EX8901.txt (text/plain) in CBT.V505.FILE125.PDS, moved to PDS/EX8901
2023-08-06 01:14:37.674723 - Found EX8902.txt (text/plain) in CBT.V505.FILE125.PDS, moved to PDS/EX8902
2023-08-06 01:14:37.675634 - Found EX8903.txt (text/plain) in CBT.V505.FILE125.PDS, moved to PDS/EX8903
2023-08-06 01:14:37.676502 - Found EX8904.txt (text/plain) in CBT.V505.FILE125.PDS, moved to PDS/EX8904
2023-08-06 01:14:37.677354 - Found EX8905.txt (text/plain) in CBT.V505.FILE125.PDS, moved to PDS/EX8905
2023-08-06 01:14:37.678284 - Found GOPTIONS.txt (text/plain) in CBT.V505.FILE125.PDS, moved to PDS/GOPTIONS
2023-08-06 01:14:37.679181 - Found HHWEEKER.txt (text/plain) in CBT.V505.FILE125.PDS, moved to PDS/HHWEEKER
2023-08-06 01:14:37.679998 - Found HHWEEKM.txt (text/plain) in CBT.V505.FILE125.PDS, moved to PDS/HHWEEKM
2023-08-06 01:14:37.680803 - Found HHWEEKMJ.jcl (text/plain) in CBT.V505.FILE125.PDS, moved to PDS/HHWEEKMJ
2023-08-06 01:14:37.681799 - Found JOBCARD.jcl (text/plain) in CBT.V505.FILE125.PDS, moved to PDS/JOBCARD
2023-08-06 01:14:37.682736 - Found LOADTP.jcl (text/plain) in CBT.V505.FILE125.PDS, moved to PDS/LOADTP
2023-08-06 01:14:37.683663 - Found M1HH.txt (text/plain) in CBT.V505.FILE125.PDS, moved to PDS/M1HH
2023-08-06 01:14:37.684564 - Found PGSECC.txt (text/plain) in CBT.V505.FILE125.PDS, moved to PDS/PGSECC
2023-08-06 01:14:37.685466 - Found PPS3D.txt (text/plain) in CBT.V505.FILE125.PDS, moved to PDS/PPS3D
2023-08-06 01:14:37.686403 - Found PPS3DS.txt (text/plain) in CBT.V505.FILE125.PDS, moved to PDS/PPS3DS
2023-08-06 01:14:37.687260 - Found PRINT.jcl (text/plain) in CBT.V505.FILE125.PDS, moved to PDS/PRINT
2023-08-06 01:14:37.688082 - Found PRINTMEM.jcl (text/plain) in CBT.V505.FILE125.PDS, moved to PDS/PRINTMEM
2023-08-06 01:14:37.688877 - Found REGCPU.txt (text/plain) in CBT.V505.FILE125.PDS, moved to PDS/REGCPU
2023-08-06 01:14:37.689702 - Found REGM1CPU.txt (text/plain) in CBT.V505.FILE125.PDS, moved to PDS/REGM1CPU
2023-08-06 01:14:37.690479 - Found REGPPS1.txt (text/plain) in CBT.V505.FILE125.PDS, moved to PDS/REGPPS1
2023-08-06 01:14:37.691278 - Found REGPROC.txt (text/plain) in CBT.V505.FILE125.PDS, moved to PDS/REGPROC
2023-08-06 01:14:37.692088 - Found RMF70.txt (text/plain) in CBT.V505.FILE125.PDS, moved to PDS/RMF70
2023-08-06 01:14:37.692865 - Found RMF70J.jcl (text/plain) in CBT.V505.FILE125.PDS, moved to PDS/RMF70J
2023-08-06 01:14:37.693739 - Found RMF70W.txt (text/plain) in CBT.V505.FILE125.PDS, moved to PDS/RMF70W
2023-08-06 01:14:37.694657 - Found RMF70WJ.jcl (text/plain) in CBT.V505.FILE125.PDS, moved to PDS/RMF70WJ
2023-08-06 01:14:37.695555 - Found RMF71.txt (text/plain) in CBT.V505.FILE125.PDS, moved to PDS/RMF71
2023-08-06 01:14:37.696399 - Found RMF71J.jcl (text/plain) in CBT.V505.FILE125.PDS, moved to PDS/RMF71J
2023-08-06 01:14:37.697214 - Found RMF71W.txt (text/plain) in CBT.V505.FILE125.PDS, moved to PDS/RMF71W
2023-08-06 01:14:37.698022 - Found RMF71WJ.jcl (text/plain) in CBT.V505.FILE125.PDS, moved to PDS/RMF71WJ
2023-08-06 01:14:37.698815 - Found RMF72.txt (text/plain) in CBT.V505.FILE125.PDS, moved to PDS/RMF72
2023-08-06 01:14:37.699620 - Found RMF72J.jcl (text/plain) in CBT.V505.FILE125.PDS, moved to PDS/RMF72J
2023-08-06 01:14:37.700407 - Found RMF72W.txt (text/plain) in CBT.V505.FILE125.PDS, moved to PDS/RMF72W
2023-08-06 01:14:37.701234 - Found RMF72WJ.jcl (text/plain) in CBT.V505.FILE125.PDS, moved to PDS/RMF72WJ
2023-08-06 01:14:37.702133 - Found RM1CPMAX.txt (text/plain) in CBT.V505.FILE125.PDS, moved to PDS/RM1CPMAX
2023-08-06 01:14:37.703007 - Found RM1CPU.txt (text/plain) in CBT.V505.FILE125.PDS, moved to PDS/RM1CPU
2023-08-06 01:14:37.703779 - Found RM1CPUW.txt (text/plain) in CBT.V505.FILE125.PDS, moved to PDS/RM1CPUW
2023-08-06 01:14:37.704548 - Found RT213D.txt (text/plain) in CBT.V505.FILE125.PDS, moved to PDS/RT213D
2023-08-06 01:14:37.705355 - Found SASCLIST.txt (text/plain) in CBT.V505.FILE125.PDS, moved to PDS/SASCLIST
2023-08-06 01:14:37.706185 - Found SASTC.txt (text/plain) in CBT.V505.FILE125.PDS, moved to PDS/SASTC
2023-08-06 01:14:37.707025 - Found SORTRMF.jcl (text/plain) in CBT.V505.FILE125.PDS, moved to PDS/SORTRMF
2023-08-06 01:14:37.707817 - Found TCCLIST.txt (text/plain) in CBT.V505.FILE125.PDS, moved to PDS/TCCLIST
2023-08-06 01:14:37.708593 - Found UNLOAD.jcl (text/plain) in CBT.V505.FILE125.PDS, moved to PDS/UNLOAD
2023-08-06 01:14:37.709387 - Found VPSOPT.txt (text/plain) in CBT.V505.FILE125.PDS, moved to PDS/VPSOPT
2023-08-06 01:14:37.710314 - Found XY9910.txt (text/plain) in CBT.V505.FILE125.PDS, moved to PDS/XY9910
2023-08-06 01:14:37.711180 - Found XY9910AS.jcl (text/plain) in CBT.V505.FILE125.PDS, moved to PDS/XY9910AS
2023-08-06 01:14:37.711990 - Found XY9910J.jcl (text/plain) in CBT.V505.FILE125.PDS, moved to PDS/XY9910J
